Compiling the C compiler identification source file "CMakeCCompilerId.c" failed.
Compiler: cl 
Build flags: 
Id flags:  

The output was:
系统找不到指定的文件。


Compiling the C compiler identification source file "CMakeCCompilerId.c" failed.
Compiler: cl 
Build flags: 
Id flags: -c 

The output was:
系统找不到指定的文件。


Compiling the C compiler identification source file "CMakeCCompilerId.c" failed.
Compiler: cl 
Build flags: 
Id flags: -Aa 

The output was:
系统找不到指定的文件。


Compiling the C compiler identification source file "CMakeCCompilerId.c" failed.
Compiler: cl 
Build flags: 
Id flags: -D__CLASSIC_C__ 

The output was:
系统找不到指定的文件。


Compiling the C compiler identification source file "CMakeCCompilerId.c" failed.
Compiler: cl 
Build flags: 
Id flags:  

The output was:
系统找不到指定的文件。


Compiling the C compiler identification source file "CMakeCCompilerId.c" failed.
Compiler: cl 
Build flags: 
Id flags: -c 

The output was:
系统找不到指定的文件。


Compiling the C compiler identification source file "CMakeCCompilerId.c" failed.
Compiler: cl 
Build flags: 
Id flags: -Aa 

The output was:
系统找不到指定的文件。


Compiling the C compiler identification source file "CMakeCCompilerId.c" failed.
Compiler: cl 
Build flags: 
Id flags: -D__CLASSIC_C__ 

The output was:
系统找不到指定的文件。


Checking whether the C compiler is IAR using "" did not match "IAR .+ Compiler":
Checking whether the C compiler is IAR using "" did not match "IAR .+ Compiler":
Determining if the function clock_gettime exists in the rt failed with the following output:
Change Dir: D:/America_2019_1/fritzing/libgit2-0.23.1/build64/CMakeFiles/CMakeTmp

Run Build Command:"nmake" "/nologo" "cmTC_1447b\fast"
	"G:\Visual Studio\VC\Tools\MSVC\14.16.27023\bin\HostX86\x86\nmake.exe" -f CMakeFiles\cmTC_1447b.dir\build.make /nologo -L                  CMakeFiles\cmTC_1447b.dir\build
Building C object CMakeFiles/cmTC_1447b.dir/CheckFunctionExists.c.obj
	"G:\Visual Studio\VC\Tools\MSVC\14.16.27023\bin\Hostx86\x86\cl.exe" @C:\Users\lenovo\AppData\Local\Temp\nmCE2E.tmp
CheckFunctionExists.c
Linking C executable cmTC_1447b.exe
	"C:\Program Files\CMake\bin\cmake.exe" -E vs_link_exe --intdir=CMakeFiles\cmTC_1447b.dir --manifests  -- "G:\Visual Studio\VC\Tools\MSVC\14.16.27023\bin\Hostx86\x86\link.exe" /nologo @CMakeFiles\cmTC_1447b.dir\objects1.rsp @C:\Users\lenovo\AppData\Local\Temp\nmCF67.tmp
LINK Pass 1: command "G:\Visual Studio\VC\Tools\MSVC\14.16.27023\bin\Hostx86\x86\link.exe /nologo @CMakeFiles\cmTC_1447b.dir\objects1.rsp /out:cmTC_1447b.exe /implib:cmTC_1447b.lib /pdb:D:\America_2019_1\fritzing\libgit2-0.23.1\build64\CMakeFiles\CMakeTmp\cmTC_1447b.pdb /version:0.0 /machine:X86 /debug /INCREMENTAL /subsystem:console -LIBPATH:D:\America_2019_1\fritzing\libgit2-0.23.1\build64\CMakeFiles\CMakeTmp\time.h rt.lib kernel32.lib user32.lib gdi32.lib winspool.lib shell32.lib ole32.lib oleaut32.lib uuid.lib comdlg32.lib advapi32.lib /MANIFEST /MANIFESTFILE:CMakeFiles\cmTC_1447b.dir/intermediate.manifest CMakeFiles\cmTC_1447b.dir/manifest.res" failed (exit code 1104) with the following output:
LINK : fatal error LNK1104: 无法打开文件“rt.lib”
NMAKE : fatal error U1077: “"C:\Program Files\CMake\bin\cmake.exe"”: 返回代码“0xffffffff”
Stop.
NMAKE : fatal error U1077: “"G:\Visual Studio\VC\Tools\MSVC\14.16.27023\bin\HostX86\x86\nmake.exe"”: 返回代码“0x2”
Stop.


